This file contains any messages produced by compilers while
running configure, to aid debugging if configure makes a mistake.

It was created by yast2-autofs configure 2.13.0, which was
generated by GNU Autoconf 2.59.  Invocation command line was

  $ ./configure 

## --------- ##
## Platform. ##
## --------- ##

hostname = kodaly
uname -m = i686
uname -r = 2.6.16.21-0.25-xen
uname -s = Linux
uname -v = #1 SMP Tue Sep 19 07:26:15 UTC 2006

/usr/bin/uname -p = unknown
/bin/uname -X     = unknown

/bin/arch              = i686
/usr/bin/arch -k       = unknown
/usr/convex/getsysinfo = unknown
hostinfo               = unknown
/bin/machine           = unknown
/usr/bin/oslevel       = unknown
/bin/universe          = unknown

PATH: /suse/varkoly/bin
PATH: /usr/local/bin
PATH: /usr/bin
PATH: /usr/X11R6/bin
PATH: /bin
PATH: /usr/games
PATH: /opt/gnome/bin
PATH: /opt/kde3/bin
PATH: /usr/lib/jvm/jre/bin
PATH: /usr/lib/mit/bin
PATH: /usr/lib/mit/sbin
PATH: /usr/lib/qt3/bin


## ----------- ##
## Core tests. ##
## ----------- ##

configure:1294: checking build system type
configure:1312: result: i686-suse-linux
configure:1320: checking host system type
configure:1334: result: i686-suse-linux
configure:1342: checking target system type
configure:1356: result: i686-suse-linux
configure:1400: checking for a BSD-compatible install
configure:1455: result: /usr/bin/install -c
configure:1466: checking whether build environment is sane
configure:1509: result: yes
configure:1561: checking for gawk
configure:1577: found /usr/bin/gawk
configure:1587: result: gawk
configure:1597: checking whether make sets $(MAKE)
configure:1617: result: yes
configure:1780: checking how to create a ustar tar archive
configure:1793: tar --version
tar (GNU tar) 1.15.1
configure:1796: $? = 0
configure:1836: tardir=conftest.dir && eval tar --format=ustar -chf - "$tardir" >conftest.tar
configure:1839: $? = 0
configure:1843: tar -xf - <conftest.tar
configure:1846: $? = 0
configure:1859: result: gnutar
configure:1955: checking for a BSD-compatible install
configure:2010: result: /usr/bin/install -c
configure:2022: checking whether ln -s works
configure:2026: result: yes
configure:2033: checking whether make sets $(MAKE)
configure:2053: result: yes
configure:2067: checking for xgettext
configure:2085: found /usr/bin/xgettext
configure:2097: result: /usr/bin/xgettext
configure:2149: checking for ycpdoc
configure:2168: found /usr/lib/YaST2/bin/ycpdoc
configure:2181: result: /usr/lib/YaST2/bin/ycpdoc
configure:2195: checking for ycpmakedep
configure:2214: found /usr/lib/YaST2/bin/ycpmakedep
configure:2227: result: /usr/lib/YaST2/bin/ycpmakedep
configure:2241: checking for ycpc
configure:2260: found /usr/bin/ycpc
configure:2273: result: /usr/bin/ycpc
configure:2429: creating ./config.status

## ---------------------- ##
## Running config.status. ##
## ---------------------- ##

This file was extended by yast2-autofs config.status 2.13.0, which was
generated by GNU Autoconf 2.59.  Invocation command line was

  CONFIG_FILES    = 
  CONFIG_HEADERS  = 
  CONFIG_LINKS    = 
  CONFIG_COMMANDS = 
  $ ./config.status 

on kodaly

config.status:705: creating Makefile
config.status:705: creating agents/Makefile
config.status:705: creating doc/autodocs/Makefile
config.status:705: creating doc/Makefile
config.status:705: creating src/Makefile

## ---------------- ##
## Cache variables. ##
## ---------------- ##

ac_cv_build=i686-suse-linux
ac_cv_build_alias=i686-suse-linux
ac_cv_env_PKG_CONFIG_PATH_set=set
ac_cv_env_PKG_CONFIG_PATH_value=/usr/local/lib/pkgconfig:/usr/local/share/pkgconfig:/usr/lib/pkgconfig:/usr/share/pkgconfig:/opt/kde3/lib/pkgconfig:/opt/gnome/lib/pkgconfig:/opt/gnome/lib/pkgconfig:/opt/gnome/share/pkgconfig
ac_cv_env_build_alias_set=
ac_cv_env_build_alias_value=
ac_cv_env_host_alias_set=
ac_cv_env_host_alias_value=
ac_cv_env_target_alias_set=
ac_cv_env_target_alias_value=
ac_cv_host=i686-suse-linux
ac_cv_host_alias=i686-suse-linux
ac_cv_path_XGETTEXT=/usr/bin/xgettext
ac_cv_path_YCPC=/usr/bin/ycpc
ac_cv_path_YCPDOC=/usr/lib/YaST2/bin/ycpdoc
ac_cv_path_YCPMAKEDEP=/usr/lib/YaST2/bin/ycpmakedep
ac_cv_path_install='/usr/bin/install -c'
ac_cv_prog_AWK=gawk
ac_cv_prog_make_make_set=yes
ac_cv_target=i686-suse-linux
ac_cv_target_alias=i686-suse-linux
am_cv_prog_tar_ustar=gnutar

## ----------------- ##
## Output variables. ##
## ----------------- ##

ACLOCAL='${SHELL} /SPACE/svn/trunk/autofs/missing --run aclocal-1.9'
AMTAR='${SHELL} /SPACE/svn/trunk/autofs/missing --run tar'
AUTOCONF='${SHELL} /SPACE/svn/trunk/autofs/missing --run autoconf'
AUTOHEADER='${SHELL} /SPACE/svn/trunk/autofs/missing --run autoheader'
AUTOMAKE='${SHELL} /SPACE/svn/trunk/autofs/missing --run automake-1.9'
AWK='gawk'
CREATE_PKGCONFIG_FALSE=''
CREATE_PKGCONFIG_NOARCH_FALSE=''
CREATE_PKGCONFIG_NOARCH_TRUE='#'
CREATE_PKGCONFIG_TRUE='#'
CYGPATH_W='echo'
DEFS='-DPACKAGE_NAME=\"yast2-autofs\" -DPACKAGE_TARNAME=\"yast2-autofs\" -DPACKAGE_VERSION=\"2.13.0\" -DPACKAGE_STRING=\"yast2-autofs\ 2.13.0\" -DPACKAGE_BUGREPORT=\"http://bugs.opensuse.org/\" -DPACKAGE=\"yast2-autofs\" -DVERSION=\"2.13.0\" '
ECHO_C=''
ECHO_N='-n'
ECHO_T=''
INSTALL_DATA='${INSTALL} -m 644'
INSTALL_PROGRAM='${INSTALL}'
INSTALL_SCRIPT='${INSTALL}'
INSTALL_STRIP_PROGRAM='${SHELL} $(install_sh) -c -s'
LIBOBJS=''
LIBS=''
LN_S='ln -s'
LTLIBOBJS=''
MAINTAINER='Peter Varkoly <varkoly@novell.com>'
MAKEINFO='${SHELL} /SPACE/svn/trunk/autofs/missing --run makeinfo'
PACKAGE='yast2-autofs'
PACKAGE_BUGREPORT='http://bugs.opensuse.org/'
PACKAGE_NAME='yast2-autofs'
PACKAGE_STRING='yast2-autofs 2.13.0'
PACKAGE_TARNAME='yast2-autofs'
PACKAGE_VERSION='2.13.0'
PATH_SEPARATOR=':'
PKG_CONFIG_PATH='/usr/local/lib/pkgconfig:/usr/local/share/pkgconfig:/usr/lib/pkgconfig:/usr/share/pkgconfig:/opt/kde3/lib/pkgconfig:/opt/gnome/lib/pkgconfig:/opt/gnome/lib/pkgconfig:/opt/gnome/share/pkgconfig'
RPMNAME='yast2-autofs'
SET_MAKE=''
SHELL='/bin/sh'
STRIP=''
STYLESHEET_CSS='/usr/share/YaST2/data/docbook/css/yast2docs.css'
STYLESHEET_HTML='/usr/share/YaST2/data/docbook/stylesheets/customize-html.xsl'
STYLESHEET_PDF='/usr/share/YaST2/data/docbook/stylesheets/customize-fo.xsl'
STYLESHEET_YCPDOC='/usr/share/YaST2/data/docbook/stylesheets/ycpdoc.xsl'
STYLESHEET_YDOC='/usr/share/YaST2/data/docbook/stylesheets/ydoc.xsl'
VERSION='2.13.0'
XGETTEXT='/usr/bin/xgettext'
YCPC='/usr/bin/ycpc'
YCPDOC='/usr/lib/YaST2/bin/ycpdoc'
YCPMAKEDEP='/usr/lib/YaST2/bin/ycpmakedep'
ac_ct_STRIP=''
agentdir='${prefix}/lib/YaST2/servers_non_y2'
am__leading_dot='.'
am__tar='tar --format=ustar -chf - "$$tardir"'
am__untar='tar -xf -'
bindir='${exec_prefix}/bin'
build='i686-suse-linux'
build_alias=''
build_cpu='i686'
build_os='linux'
build_vendor='suse'
clientdir='${prefix}/share/YaST2/clients'
datadir='${prefix}/share'
desktopdir='${prefix}/share/applications/YaST2'
docdir='${prefix}/share/doc/packages/yast2-autofs'
exec_prefix='${prefix}'
execcompdir='${prefix}/lib/YaST2'
fillupdir='/var/adm/fillup-templates'
host='i686-suse-linux'
host_alias=''
host_cpu='i686'
host_os='linux'
host_vendor='suse'
imagedir='${prefix}/share/YaST2/images'
includedir='${prefix}/include/YaST2'
infodir='${prefix}/info'
install_sh='/SPACE/svn/trunk/autofs/install-sh'
libdir='${exec_prefix}/lib'
libexecdir='${exec_prefix}/libexec'
localedir='${prefix}/share/YaST2/locale'
localstatedir='${prefix}/var'
mandir='${prefix}/share/man'
mkdir_p='mkdir -p --'
moduledir='${prefix}/share/YaST2/modules'
oldincludedir='/usr/include'
pkgconfigdatadir='${datadir}/pkgconfig'
pkgconfigdir='${libdir}/pkgconfig'
plugindir='${libdir}/YaST2/plugin'
potdir='${docdir}/pot'
prefix='/usr'
program_transform_name='s,x,x,'
sbindir='${exec_prefix}/sbin'
schemadir='${prefix}/share/YaST2/schema'
scrconfdir='${prefix}/share/YaST2/scrconf'
sharedstatedir='${prefix}/com'
sysconfdir='${prefix}/etc'
target='i686-suse-linux'
target_alias=''
target_cpu='i686'
target_os='linux'
target_vendor='suse'
themedir='${prefix}/share/YaST2/theme'
yast2dir='${prefix}/share/YaST2'
ybindir='${prefix}/lib/YaST2/bin'
ydatadir='${prefix}/share/YaST2/data'
yncludedir='${prefix}/share/YaST2/include'
ystartupdir='${prefix}/lib/YaST2'

## ----------- ##
## confdefs.h. ##
## ----------- ##

#define PACKAGE "yast2-autofs"
#define PACKAGE_BUGREPORT "http://bugs.opensuse.org/"
#define PACKAGE_NAME "yast2-autofs"
#define PACKAGE_STRING "yast2-autofs 2.13.0"
#define PACKAGE_TARNAME "yast2-autofs"
#define PACKAGE_VERSION "2.13.0"
#define VERSION "2.13.0"

configure: exit 0

## ---------------------- ##
## Running config.status. ##
## ---------------------- ##

This file was extended by yast2-autofs config.status 2.13.0, which was
generated by GNU Autoconf 2.59.  Invocation command line was

  CONFIG_FILES    = 
  CONFIG_HEADERS  = 
  CONFIG_LINKS    = 
  CONFIG_COMMANDS = 
  $ ./config.status src/Makefile

on server

config.status:705: creating src/Makefile
